2024-06-05 09:08:26 INFO Meraki dashboard API session initialized with these parameters: {'version': '1.46.0', 'api_key': '************************************e8a5', 'base_url': 'https://api.meraki.com/api/v1', 'single_request_timeout': 60, 'certificate_path': '', 'requests_proxy': '', 'wait_on_rate_limit': True, 'nginx_429_retry_wait_time': 60, 'action_batch_retry_wait_time': 60, 'network_delete_retry_wait_time': 240, 'retry_4xx_error': False, 'retry_4xx_error_wait_time': 60, 'maximum_retries': 2, 'simulate': False, 'be_geo_id': None, 'caller': None, 'use_iterator_for_get_pages': False}
2024-06-05 09:08:26 DEBUG {'tags': ['organizations', 'configure'], 'operation': 'getOrganizations', 'page': 1}
2024-06-05 09:08:26 INFO GET https://api.meraki.com/api/v1/organizations
2024-06-05 09:08:27 INFO organizations, getOrganizations; page 1 - 200 OK
2024-06-05 09:31:07 INFO Meraki dashboard API session initialized with these parameters: {'version': '1.46.0', 'api_key': '************************************e8a5', 'base_url': 'https://api.meraki.com/api/v1', 'single_request_timeout': 60, 'certificate_path': '', 'requests_proxy': '', 'wait_on_rate_limit': True, 'nginx_429_retry_wait_time': 60, 'action_batch_retry_wait_time': 60, 'network_delete_retry_wait_time': 240, 'retry_4xx_error': False, 'retry_4xx_error_wait_time': 60, 'maximum_retries': 2, 'simulate': False, 'be_geo_id': None, 'caller': None, 'use_iterator_for_get_pages': False}
2024-06-05 09:31:07 DEBUG {'tags': ['organizations', 'configure'], 'operation': 'getOrganizations', 'page': 1}
2024-06-05 09:31:07 INFO GET https://api.meraki.com/api/v1/organizations
2024-06-05 09:31:07 INFO organizations, getOrganizations; page 1 - 200 OK
2024-06-05 09:31:07 DEBUG {'tags': ['organizations', 'configure', 'networks'], 'operation': 'getOrganizationNetworks', 'page': 1}
2024-06-05 09:31:07 INFO GET https://api.meraki.com/api/v1/organizations/979170/networks
2024-06-05 09:31:07 INFO organizations, getOrganizationNetworks; page 1 - 200 OK
2024-06-05 09:41:41 INFO Meraki dashboard API session initialized with these parameters: {'version': '1.46.0', 'api_key': '************************************e8a5', 'base_url': 'https://api.meraki.com/api/v1', 'single_request_timeout': 60, 'certificate_path': '', 'requests_proxy': '', 'wait_on_rate_limit': True, 'nginx_429_retry_wait_time': 60, 'action_batch_retry_wait_time': 60, 'network_delete_retry_wait_time': 240, 'retry_4xx_error': False, 'retry_4xx_error_wait_time': 60, 'maximum_retries': 2, 'simulate': False, 'be_geo_id': None, 'caller': None, 'use_iterator_for_get_pages': False}
2024-06-05 09:41:41 DEBUG {'tags': ['organizations', 'configure'], 'operation': 'getOrganizations', 'page': 1}
2024-06-05 09:41:41 INFO GET https://api.meraki.com/api/v1/organizations
2024-06-05 09:41:42 INFO organizations, getOrganizations; page 1 - 200 OK
2024-06-05 09:41:42 DEBUG {'tags': ['networks', 'configure'], 'operation': 'getNetwork', 'method': 'GET', 'url': '/networks/L_631066897785292884', 'params': None}
2024-06-05 09:41:42 INFO GET https://api.meraki.com/api/v1/networks/L_631066897785292884
2024-06-05 09:41:42 INFO networks, getNetwork - 200 OK
2024-06-05 09:54:42 INFO Meraki dashboard API session initialized with these parameters: {'version': '1.46.0', 'api_key': '************************************e8a5', 'base_url': 'https://api.meraki.com/api/v1', 'single_request_timeout': 60, 'certificate_path': '', 'requests_proxy': '', 'wait_on_rate_limit': True, 'nginx_429_retry_wait_time': 60, 'action_batch_retry_wait_time': 60, 'network_delete_retry_wait_time': 240, 'retry_4xx_error': False, 'retry_4xx_error_wait_time': 60, 'maximum_retries': 2, 'simulate': False, 'be_geo_id': None, 'caller': None, 'use_iterator_for_get_pages': False}
2024-06-05 09:54:42 DEBUG {'tags': ['organizations', 'configure'], 'operation': 'getOrganizations', 'page': 1}
2024-06-05 09:54:42 INFO GET https://api.meraki.com/api/v1/organizations
2024-06-05 09:54:43 INFO organizations, getOrganizations; page 1 - 200 OK
2024-06-05 09:54:52 INFO Meraki dashboard API session initialized with these parameters: {'version': '1.46.0', 'api_key': '************************************e8a5', 'base_url': 'https://api.meraki.com/api/v1', 'single_request_timeout': 60, 'certificate_path': '', 'requests_proxy': '', 'wait_on_rate_limit': True, 'nginx_429_retry_wait_time': 60, 'action_batch_retry_wait_time': 60, 'network_delete_retry_wait_time': 240, 'retry_4xx_error': False, 'retry_4xx_error_wait_time': 60, 'maximum_retries': 2, 'simulate': False, 'be_geo_id': None, 'caller': None, 'use_iterator_for_get_pages': False}
2024-06-05 09:54:52 DEBUG {'tags': ['organizations', 'configure'], 'operation': 'getOrganizations', 'page': 1}
2024-06-05 09:54:52 INFO GET https://api.meraki.com/api/v1/organizations
2024-06-05 09:54:53 INFO organizations, getOrganizations; page 1 - 200 OK
2024-06-05 09:54:53 DEBUG {'tags': ['organizations', 'configure', 'networks'], 'operation': 'getOrganizationNetworks', 'page': 1}
2024-06-05 09:54:53 INFO GET https://api.meraki.com/api/v1/organizations/979170/networks
2024-06-05 09:54:53 INFO organizations, getOrganizationNetworks; page 1 - 200 OK
2024-06-05 09:55:16 INFO Meraki dashboard API session initialized with these parameters: {'version': '1.46.0', 'api_key': '************************************e8a5', 'base_url': 'https://api.meraki.com/api/v1', 'single_request_timeout': 60, 'certificate_path': '', 'requests_proxy': '', 'wait_on_rate_limit': True, 'nginx_429_retry_wait_time': 60, 'action_batch_retry_wait_time': 60, 'network_delete_retry_wait_time': 240, 'retry_4xx_error': False, 'retry_4xx_error_wait_time': 60, 'maximum_retries': 2, 'simulate': False, 'be_geo_id': None, 'caller': None, 'use_iterator_for_get_pages': False}
2024-06-05 09:55:16 DEBUG {'tags': ['organizations', 'configure'], 'operation': 'getOrganizations', 'page': 1}
2024-06-05 09:55:16 INFO GET https://api.meraki.com/api/v1/organizations
2024-06-05 09:55:17 INFO organizations, getOrganizations; page 1 - 200 OK
2024-06-05 09:55:17 DEBUG {'tags': ['organizations', 'configure', 'networks'], 'operation': 'getOrganizationNetworks', 'page': 1}
2024-06-05 09:55:17 INFO GET https://api.meraki.com/api/v1/organizations/979170/networks
2024-06-05 09:55:17 INFO organizations, getOrganizationNetworks; page 1 - 200 OK
2024-06-05 10:08:39 INFO Meraki dashboard API session initialized with these parameters: {'version': '1.46.0', 'api_key': '************************************e8a5', 'base_url': 'https://api.meraki.com/api/v1', 'single_request_timeout': 60, 'certificate_path': '', 'requests_proxy': '', 'wait_on_rate_limit': True, 'nginx_429_retry_wait_time': 60, 'action_batch_retry_wait_time': 60, 'network_delete_retry_wait_time': 240, 'retry_4xx_error': False, 'retry_4xx_error_wait_time': 60, 'maximum_retries': 2, 'simulate': False, 'be_geo_id': None, 'caller': None, 'use_iterator_for_get_pages': False}
2024-06-05 10:08:39 DEBUG {'tags': ['organizations', 'configure'], 'operation': 'getOrganizations', 'page': 1}
2024-06-05 10:08:39 INFO GET https://api.meraki.com/api/v1/organizations
2024-06-05 10:08:40 INFO organizations, getOrganizations; page 1 - 200 OK
2024-06-05 10:08:40 DEBUG {'tags': ['organizations', 'configure', 'networks'], 'operation': 'getOrganizationNetworks', 'page': 1}
2024-06-05 10:08:40 INFO GET https://api.meraki.com/api/v1/organizations/979170/networks
2024-06-05 10:08:41 INFO organizations, getOrganizationNetworks; page 1 - 200 OK
2024-06-05 10:09:51 INFO Meraki dashboard API session initialized with these parameters: {'version': '1.46.0', 'api_key': '************************************e8a5', 'base_url': 'https://api.meraki.com/api/v1', 'single_request_timeout': 60, 'certificate_path': '', 'requests_proxy': '', 'wait_on_rate_limit': True, 'nginx_429_retry_wait_time': 60, 'action_batch_retry_wait_time': 60, 'network_delete_retry_wait_time': 240, 'retry_4xx_error': False, 'retry_4xx_error_wait_time': 60, 'maximum_retries': 2, 'simulate': False, 'be_geo_id': None, 'caller': None, 'use_iterator_for_get_pages': False}
2024-06-05 10:09:51 DEBUG {'tags': ['organizations', 'configure'], 'operation': 'getOrganizations', 'page': 1}
2024-06-05 10:09:51 INFO GET https://api.meraki.com/api/v1/organizations
2024-06-05 10:09:52 INFO organizations, getOrganizations; page 1 - 200 OK
2024-06-05 10:09:52 DEBUG {'tags': ['organizations', 'configure', 'networks'], 'operation': 'getOrganizationNetworks', 'page': 1}
2024-06-05 10:09:52 INFO GET https://api.meraki.com/api/v1/organizations/979170/networks
2024-06-05 10:09:52 INFO organizations, getOrganizationNetworks; page 1 - 200 OK
2024-06-05 10:10:09 INFO Meraki dashboard API session initialized with these parameters: {'version': '1.46.0', 'api_key': '************************************e8a5', 'base_url': 'https://api.meraki.com/api/v1', 'single_request_timeout': 60, 'certificate_path': '', 'requests_proxy': '', 'wait_on_rate_limit': True, 'nginx_429_retry_wait_time': 60, 'action_batch_retry_wait_time': 60, 'network_delete_retry_wait_time': 240, 'retry_4xx_error': False, 'retry_4xx_error_wait_time': 60, 'maximum_retries': 2, 'simulate': False, 'be_geo_id': None, 'caller': None, 'use_iterator_for_get_pages': False}
2024-06-05 10:10:09 DEBUG {'tags': ['organizations', 'configure'], 'operation': 'getOrganizations', 'page': 1}
2024-06-05 10:10:09 INFO GET https://api.meraki.com/api/v1/organizations
2024-06-05 10:10:10 INFO organizations, getOrganizations; page 1 - 200 OK
2024-06-05 10:10:10 DEBUG {'tags': ['organizations', 'configure', 'networks'], 'operation': 'getOrganizationNetworks', 'page': 1}
2024-06-05 10:10:10 INFO GET https://api.meraki.com/api/v1/organizations/979170/networks
2024-06-05 10:10:10 INFO organizations, getOrganizationNetworks; page 1 - 200 OK
2024-06-05 10:10:10 DEBUG {'tags': ['appliance', 'configure', 'firewall', 'l3FirewallRules'], 'operation': 'getNetworkApplianceFirewallL3FirewallRules', 'method': 'GET', 'url': '/networks/L_631066897785292884/appliance/firewall/l3FirewallRules', 'params': None}
2024-06-05 10:10:10 INFO GET https://api.meraki.com/api/v1/networks/L_631066897785292884/appliance/firewall/l3FirewallRules
2024-06-05 10:10:11 INFO appliance, getNetworkApplianceFirewallL3FirewallRules - 200 OK
2024-06-05 11:25:03 INFO Meraki dashboard API session initialized with these parameters: {'version': '1.46.0', 'api_key': '************************************e8a5', 'base_url': 'https://api.meraki.com/api/v1', 'single_request_timeout': 60, 'certificate_path': '', 'requests_proxy': '', 'wait_on_rate_limit': True, 'nginx_429_retry_wait_time': 60, 'action_batch_retry_wait_time': 60, 'network_delete_retry_wait_time': 240, 'retry_4xx_error': False, 'retry_4xx_error_wait_time': 60, 'maximum_retries': 2, 'simulate': False, 'be_geo_id': None, 'caller': None, 'use_iterator_for_get_pages': False}
2024-06-05 11:25:03 DEBUG {'tags': ['organizations', 'configure'], 'operation': 'getOrganizations', 'page': 1}
2024-06-05 11:25:03 INFO GET https://api.meraki.com/api/v1/organizations
2024-06-05 11:25:03 INFO organizations, getOrganizations; page 1 - 200 OK
2024-06-05 11:25:03 DEBUG {'tags': ['organizations', 'configure', 'networks'], 'operation': 'getOrganizationNetworks', 'page': 1}
2024-06-05 11:25:03 INFO GET https://api.meraki.com/api/v1/organizations/979170/networks
2024-06-05 11:25:04 INFO organizations, getOrganizationNetworks; page 1 - 200 OK
2024-06-05 11:25:04 DEBUG {'tags': ['appliance', 'configure', 'firewall', 'l3FirewallRules'], 'operation': 'getNetworkApplianceFirewallL3FirewallRules', 'method': 'GET', 'url': '/networks/L_631066897785292884/appliance/firewall/l3FirewallRules', 'params': None}
2024-06-05 11:25:04 INFO GET https://api.meraki.com/api/v1/networks/L_631066897785292884/appliance/firewall/l3FirewallRules
2024-06-05 11:25:04 INFO appliance, getNetworkApplianceFirewallL3FirewallRules - 200 OK
2024-06-05 11:26:42 INFO Meraki dashboard API session initialized with these parameters: {'version': '1.46.0', 'api_key': '************************************e8a5', 'base_url': 'https://api.meraki.com/api/v1', 'single_request_timeout': 60, 'certificate_path': '', 'requests_proxy': '', 'wait_on_rate_limit': True, 'nginx_429_retry_wait_time': 60, 'action_batch_retry_wait_time': 60, 'network_delete_retry_wait_time': 240, 'retry_4xx_error': False, 'retry_4xx_error_wait_time': 60, 'maximum_retries': 2, 'simulate': False, 'be_geo_id': None, 'caller': None, 'use_iterator_for_get_pages': False}
2024-06-05 11:26:42 DEBUG {'tags': ['organizations', 'configure'], 'operation': 'getOrganizations', 'page': 1}
2024-06-05 11:26:42 INFO GET https://api.meraki.com/api/v1/organizations
2024-06-05 11:26:43 INFO organizations, getOrganizations; page 1 - 200 OK
2024-06-05 11:26:43 DEBUG {'tags': ['organizations', 'configure', 'networks'], 'operation': 'getOrganizationNetworks', 'page': 1}
2024-06-05 11:26:43 INFO GET https://api.meraki.com/api/v1/organizations/979170/networks
2024-06-05 11:26:43 INFO organizations, getOrganizationNetworks; page 1 - 200 OK
2024-06-05 11:26:43 DEBUG {'tags': ['appliance', 'configure', 'firewall', 'l3FirewallRules'], 'operation': 'getNetworkApplianceFirewallL3FirewallRules', 'method': 'GET', 'url': '/networks/L_631066897785292884/appliance/firewall/l3FirewallRules', 'params': None}
2024-06-05 11:26:43 INFO GET https://api.meraki.com/api/v1/networks/L_631066897785292884/appliance/firewall/l3FirewallRules
2024-06-05 11:26:43 INFO appliance, getNetworkApplianceFirewallL3FirewallRules - 200 OK
2024-06-05 11:26:48 INFO Meraki dashboard API session initialized with these parameters: {'version': '1.46.0', 'api_key': '************************************e8a5', 'base_url': 'https://api.meraki.com/api/v1', 'single_request_timeout': 60, 'certificate_path': '', 'requests_proxy': '', 'wait_on_rate_limit': True, 'nginx_429_retry_wait_time': 60, 'action_batch_retry_wait_time': 60, 'network_delete_retry_wait_time': 240, 'retry_4xx_error': False, 'retry_4xx_error_wait_time': 60, 'maximum_retries': 2, 'simulate': False, 'be_geo_id': None, 'caller': None, 'use_iterator_for_get_pages': False}
2024-06-05 11:26:48 DEBUG {'tags': ['organizations', 'configure'], 'operation': 'getOrganizations', 'page': 1}
2024-06-05 11:26:48 INFO GET https://api.meraki.com/api/v1/organizations
2024-06-05 11:26:48 INFO organizations, getOrganizations; page 1 - 200 OK
2024-06-05 11:26:48 DEBUG {'tags': ['organizations', 'configure', 'networks'], 'operation': 'getOrganizationNetworks', 'page': 1}
2024-06-05 11:26:48 INFO GET https://api.meraki.com/api/v1/organizations/979170/networks
2024-06-05 11:26:48 INFO organizations, getOrganizationNetworks; page 1 - 200 OK
2024-06-05 11:26:48 DEBUG {'tags': ['appliance', 'configure', 'firewall', 'l3FirewallRules'], 'operation': 'getNetworkApplianceFirewallL3FirewallRules', 'method': 'GET', 'url': '/networks/L_631066897785292884/appliance/firewall/l3FirewallRules', 'params': None}
2024-06-05 11:26:48 INFO GET https://api.meraki.com/api/v1/networks/L_631066897785292884/appliance/firewall/l3FirewallRules
2024-06-05 11:26:49 INFO appliance, getNetworkApplianceFirewallL3FirewallRules - 200 OK
2024-06-05 11:27:29 INFO Meraki dashboard API session initialized with these parameters: {'version': '1.46.0', 'api_key': '************************************e8a5', 'base_url': 'https://api.meraki.com/api/v1', 'single_request_timeout': 60, 'certificate_path': '', 'requests_proxy': '', 'wait_on_rate_limit': True, 'nginx_429_retry_wait_time': 60, 'action_batch_retry_wait_time': 60, 'network_delete_retry_wait_time': 240, 'retry_4xx_error': False, 'retry_4xx_error_wait_time': 60, 'maximum_retries': 2, 'simulate': False, 'be_geo_id': None, 'caller': None, 'use_iterator_for_get_pages': False}
2024-06-05 11:27:29 DEBUG {'tags': ['organizations', 'configure'], 'operation': 'getOrganizations', 'page': 1}
2024-06-05 11:27:29 INFO GET https://api.meraki.com/api/v1/organizations
2024-06-05 11:27:29 INFO organizations, getOrganizations; page 1 - 200 OK
2024-06-05 11:27:29 DEBUG {'tags': ['organizations', 'configure', 'networks'], 'operation': 'getOrganizationNetworks', 'page': 1}
2024-06-05 11:27:29 INFO GET https://api.meraki.com/api/v1/organizations/979170/networks
2024-06-05 11:27:29 INFO organizations, getOrganizationNetworks; page 1 - 200 OK
2024-06-05 11:27:29 DEBUG {'tags': ['appliance', 'configure', 'firewall', 'l3FirewallRules'], 'operation': 'getNetworkApplianceFirewallL3FirewallRules', 'method': 'GET', 'url': '/networks/L_631066897785292884/appliance/firewall/l3FirewallRules', 'params': None}
2024-06-05 11:27:29 INFO GET https://api.meraki.com/api/v1/networks/L_631066897785292884/appliance/firewall/l3FirewallRules
2024-06-05 11:27:29 INFO appliance, getNetworkApplianceFirewallL3FirewallRules - 200 OK
2024-06-05 11:42:28 INFO Meraki dashboard API session initialized with these parameters: {'version': '1.46.0', 'api_key': '************************************e8a5', 'base_url': 'https://api.meraki.com/api/v1', 'single_request_timeout': 60, 'certificate_path': '', 'requests_proxy': '', 'wait_on_rate_limit': True, 'nginx_429_retry_wait_time': 60, 'action_batch_retry_wait_time': 60, 'network_delete_retry_wait_time': 240, 'retry_4xx_error': False, 'retry_4xx_error_wait_time': 60, 'maximum_retries': 2, 'simulate': False, 'be_geo_id': None, 'caller': None, 'use_iterator_for_get_pages': False}
2024-06-05 11:42:28 DEBUG {'tags': ['organizations', 'configure'], 'operation': 'getOrganizations', 'page': 1}
2024-06-05 11:42:28 INFO GET https://api.meraki.com/api/v1/organizations
2024-06-05 11:42:28 INFO organizations, getOrganizations; page 1 - 200 OK
2024-06-05 11:42:28 DEBUG {'tags': ['organizations', 'configure', 'networks'], 'operation': 'getOrganizationNetworks', 'page': 1}
2024-06-05 11:42:28 INFO GET https://api.meraki.com/api/v1/organizations/979170/networks
2024-06-05 11:42:29 INFO organizations, getOrganizationNetworks; page 1 - 200 OK
2024-06-05 11:42:29 DEBUG {'tags': ['appliance', 'configure', 'firewall', 'l3FirewallRules'], 'operation': 'getNetworkApplianceFirewallL3FirewallRules', 'method': 'GET', 'url': '/networks/L_631066897785292884/appliance/firewall/l3FirewallRules', 'params': None}
2024-06-05 11:42:29 INFO GET https://api.meraki.com/api/v1/networks/L_631066897785292884/appliance/firewall/l3FirewallRules
2024-06-05 11:42:29 INFO appliance, getNetworkApplianceFirewallL3FirewallRules - 200 OK
2024-06-05 11:59:06 INFO Meraki dashboard API session initialized with these parameters: {'version': '1.46.0', 'api_key': '************************************e8a5', 'base_url': 'https://api.meraki.com/api/v1', 'single_request_timeout': 60, 'certificate_path': '', 'requests_proxy': '', 'wait_on_rate_limit': True, 'nginx_429_retry_wait_time': 60, 'action_batch_retry_wait_time': 60, 'network_delete_retry_wait_time': 240, 'retry_4xx_error': False, 'retry_4xx_error_wait_time': 60, 'maximum_retries': 2, 'simulate': False, 'be_geo_id': None, 'caller': None, 'use_iterator_for_get_pages': False}
2024-06-05 11:59:06 DEBUG {'tags': ['organizations', 'configure'], 'operation': 'getOrganizations', 'page': 1}
2024-06-05 11:59:06 INFO GET https://api.meraki.com/api/v1/organizations
2024-06-05 11:59:06 INFO organizations, getOrganizations; page 1 - 200 OK
2024-06-05 11:59:06 DEBUG {'tags': ['organizations', 'configure', 'networks'], 'operation': 'getOrganizationNetworks', 'page': 1}
2024-06-05 11:59:06 INFO GET https://api.meraki.com/api/v1/organizations/979170/networks
2024-06-05 11:59:07 INFO organizations, getOrganizationNetworks; page 1 - 200 OK
2024-06-05 11:59:07 DEBUG {'tags': ['appliance', 'configure', 'firewall', 'l3FirewallRules'], 'operation': 'getNetworkApplianceFirewallL3FirewallRules', 'method': 'GET', 'url': '/networks/L_631066897785292884/appliance/firewall/l3FirewallRules', 'params': None}
2024-06-05 11:59:07 INFO GET https://api.meraki.com/api/v1/networks/L_631066897785292884/appliance/firewall/l3FirewallRules
2024-06-05 11:59:07 INFO appliance, getNetworkApplianceFirewallL3FirewallRules - 200 OK
2024-06-05 12:18:10 INFO Meraki dashboard API session initialized with these parameters: {'version': '1.46.0', 'api_key': '************************************e8a5', 'base_url': 'https://api.meraki.com/api/v1', 'single_request_timeout': 60, 'certificate_path': '', 'requests_proxy': '', 'wait_on_rate_limit': True, 'nginx_429_retry_wait_time': 60, 'action_batch_retry_wait_time': 60, 'network_delete_retry_wait_time': 240, 'retry_4xx_error': False, 'retry_4xx_error_wait_time': 60, 'maximum_retries': 2, 'simulate': False, 'be_geo_id': None, 'caller': None, 'use_iterator_for_get_pages': False}
2024-06-05 12:18:10 DEBUG {'tags': ['organizations', 'configure'], 'operation': 'getOrganizations', 'page': 1}
2024-06-05 12:18:10 INFO GET https://api.meraki.com/api/v1/organizations
2024-06-05 12:18:11 INFO organizations, getOrganizations; page 1 - 200 OK
2024-06-05 12:18:11 DEBUG {'tags': ['organizations', 'configure', 'networks'], 'operation': 'getOrganizationNetworks', 'page': 1}
2024-06-05 12:18:11 INFO GET https://api.meraki.com/api/v1/organizations/979170/networks
2024-06-05 12:18:11 INFO organizations, getOrganizationNetworks; page 1 - 200 OK
2024-06-05 12:18:11 DEBUG {'tags': ['appliance', 'configure', 'firewall', 'l3FirewallRules'], 'operation': 'getNetworkApplianceFirewallL3FirewallRules', 'method': 'GET', 'url': '/networks/L_631066897785292884/appliance/firewall/l3FirewallRules', 'params': None}
2024-06-05 12:18:11 INFO GET https://api.meraki.com/api/v1/networks/L_631066897785292884/appliance/firewall/l3FirewallRules
2024-06-05 12:18:12 INFO appliance, getNetworkApplianceFirewallL3FirewallRules - 200 OK
2024-06-05 13:32:21 INFO Meraki dashboard API session initialized with these parameters: {'version': '1.46.0', 'api_key': '************************************e8a5', 'base_url': 'https://api.meraki.com/api/v1', 'single_request_timeout': 60, 'certificate_path': '', 'requests_proxy': '', 'wait_on_rate_limit': True, 'nginx_429_retry_wait_time': 60, 'action_batch_retry_wait_time': 60, 'network_delete_retry_wait_time': 240, 'retry_4xx_error': False, 'retry_4xx_error_wait_time': 60, 'maximum_retries': 2, 'simulate': False, 'be_geo_id': None, 'caller': None, 'use_iterator_for_get_pages': False}
2024-06-05 13:32:21 DEBUG {'tags': ['organizations', 'configure'], 'operation': 'getOrganizations', 'page': 1}
2024-06-05 13:32:21 INFO GET https://api.meraki.com/api/v1/organizations
2024-06-05 13:32:22 INFO organizations, getOrganizations; page 1 - 200 OK
2024-06-05 13:32:22 DEBUG {'tags': ['organizations', 'configure', 'networks'], 'operation': 'getOrganizationNetworks', 'page': 1}
2024-06-05 13:32:22 INFO GET https://api.meraki.com/api/v1/organizations/979170/networks
2024-06-05 13:32:22 INFO organizations, getOrganizationNetworks; page 1 - 200 OK
2024-06-05 13:32:22 DEBUG {'tags': ['appliance', 'configure', 'firewall', 'l3FirewallRules'], 'operation': 'getNetworkApplianceFirewallL3FirewallRules', 'method': 'GET', 'url': '/networks/L_631066897785292884/appliance/firewall/l3FirewallRules', 'params': None}
2024-06-05 13:32:22 INFO GET https://api.meraki.com/api/v1/networks/L_631066897785292884/appliance/firewall/l3FirewallRules
2024-06-05 13:32:22 INFO appliance, getNetworkApplianceFirewallL3FirewallRules - 200 OK
2024-06-05 13:32:22 DEBUG {'tags': ['organizations', 'configure', 'policyObjects'], 'operation': 'getOrganizationPolicyObjects', 'page': 1}
2024-06-05 13:32:22 INFO GET https://api.meraki.com/api/v1/organizations/979170/policyObjects
2024-06-05 13:32:23 INFO organizations, getOrganizationPolicyObjects; page 1 - 200 OK
2024-06-05 13:33:15 INFO Meraki dashboard API session initialized with these parameters: {'version': '1.46.0', 'api_key': '************************************e8a5', 'base_url': 'https://api.meraki.com/api/v1', 'single_request_timeout': 60, 'certificate_path': '', 'requests_proxy': '', 'wait_on_rate_limit': True, 'nginx_429_retry_wait_time': 60, 'action_batch_retry_wait_time': 60, 'network_delete_retry_wait_time': 240, 'retry_4xx_error': False, 'retry_4xx_error_wait_time': 60, 'maximum_retries': 2, 'simulate': False, 'be_geo_id': None, 'caller': None, 'use_iterator_for_get_pages': False}
2024-06-05 13:33:15 DEBUG {'tags': ['organizations', 'configure'], 'operation': 'getOrganizations', 'page': 1}
2024-06-05 13:33:15 INFO GET https://api.meraki.com/api/v1/organizations
2024-06-05 13:33:16 INFO organizations, getOrganizations; page 1 - 200 OK
2024-06-05 13:33:16 DEBUG {'tags': ['organizations', 'configure', 'networks'], 'operation': 'getOrganizationNetworks', 'page': 1}
2024-06-05 13:33:16 INFO GET https://api.meraki.com/api/v1/organizations/979170/networks
2024-06-05 13:33:16 INFO organizations, getOrganizationNetworks; page 1 - 200 OK
2024-06-05 13:33:16 DEBUG {'tags': ['appliance', 'configure', 'firewall', 'l3FirewallRules'], 'operation': 'getNetworkApplianceFirewallL3FirewallRules', 'method': 'GET', 'url': '/networks/L_631066897785292884/appliance/firewall/l3FirewallRules', 'params': None}
2024-06-05 13:33:16 INFO GET https://api.meraki.com/api/v1/networks/L_631066897785292884/appliance/firewall/l3FirewallRules
2024-06-05 13:33:16 INFO appliance, getNetworkApplianceFirewallL3FirewallRules - 200 OK
2024-06-05 13:33:16 DEBUG {'tags': ['organizations', 'configure', 'policyObjects'], 'operation': 'getOrganizationPolicyObjects', 'page': 1}
2024-06-05 13:33:16 INFO GET https://api.meraki.com/api/v1/organizations/979170/policyObjects
2024-06-05 13:33:16 INFO organizations, getOrganizationPolicyObjects; page 1 - 200 OK
2024-06-20 15:28:21 INFO Meraki dashboard API session initialized with these parameters: {'version': '1.46.0', 'api_key': '************************************e8a5', 'base_url': 'https://api.meraki.com/api/v1', 'single_request_timeout': 60, 'certificate_path': '', 'requests_proxy': '', 'wait_on_rate_limit': True, 'nginx_429_retry_wait_time': 60, 'action_batch_retry_wait_time': 60, 'network_delete_retry_wait_time': 240, 'retry_4xx_error': False, 'retry_4xx_error_wait_time': 60, 'maximum_retries': 2, 'simulate': False, 'be_geo_id': None, 'caller': None, 'use_iterator_for_get_pages': False}
2024-06-20 15:28:21 DEBUG {'tags': ['organizations', 'configure'], 'operation': 'getOrganizations', 'page': 1}
2024-06-20 15:28:21 INFO GET https://api.meraki.com/api/v1/organizations
2024-06-20 15:28:22 INFO organizations, getOrganizations; page 1 - 200 OK
2024-06-20 15:28:22 DEBUG {'tags': ['organizations', 'configure', 'networks'], 'operation': 'getOrganizationNetworks', 'page': 1}
2024-06-20 15:28:22 INFO GET https://api.meraki.com/api/v1/organizations/979170/networks
2024-06-20 15:28:22 INFO organizations, getOrganizationNetworks; page 1 - 200 OK
2024-06-20 15:28:22 DEBUG {'tags': ['appliance', 'configure', 'firewall', 'l3FirewallRules'], 'operation': 'getNetworkApplianceFirewallL3FirewallRules', 'method': 'GET', 'url': '/networks/L_631066897785292884/appliance/firewall/l3FirewallRules', 'params': None}
2024-06-20 15:28:22 INFO GET https://api.meraki.com/api/v1/networks/L_631066897785292884/appliance/firewall/l3FirewallRules
2024-06-20 15:28:22 INFO appliance, getNetworkApplianceFirewallL3FirewallRules - 200 OK
2024-06-20 15:28:22 DEBUG {'tags': ['organizations', 'configure', 'policyObjects'], 'operation': 'getOrganizationPolicyObjects', 'page': 1}
2024-06-20 15:28:22 INFO GET https://api.meraki.com/api/v1/organizations/979170/policyObjects
2024-06-20 15:28:23 INFO organizations, getOrganizationPolicyObjects; page 1 - 200 OK
